This is pdfTeX, Version 3.14159265-2.6-1.40.19 (MiKTeX 2.9.6730) (preloaded format=pdflatex 2018.8.4)  4 AUG 2018 20:28
entering extended mode
**./main.tex
(main.tex
LaTeX2e <2018-04-01> patch level 5
(C:\Users\221\Desktop\latex\texmfs\install\tex\latex\nag\nag.sty
Package: nag 2011/11/25 0.7 warning about old commands (ulmi)
\c@nag@c=\count80
\c@nag@sins=\count81
Package nag Info: Loaded nag-l2tabu.cfg  on input line 552.

(C:\Users\221\Desktop\latex\texmfs\install\tex\latex\nag\nag-l2tabu.cfg
File: nag-l2tabu.cfg 2010/05/17 v2.11 l2tabu rules for nag.sty (ulmi)
)
Package nag Info: Loaded nag-orthodox.cfg  on input line 552.

(C:\Users\221\Desktop\latex\texmfs\install\tex\latex\nag\nag-orthodox.cfg
File: nag-orthodox.cfg 2006/04/19 v1.8 strict rules for nag.sty (ulmi)
))
(C:\Users\221\Desktop\latex\texmfs\install\tex\latex\koma-script\scrbook.cls
Document Class: scrbook 2018/03/30 v3.25 KOMA-Script document class (book)
(C:\Users\221\Desktop\latex\texmfs\install\tex\latex\koma-script\scrkbase.sty
Package: scrkbase 2018/03/30 v3.25 KOMA-Script package (KOMA-Script-dependent b
asics and keyval usage)

(C:\Users\221\Desktop\latex\texmfs\install\tex\latex\koma-script\scrbase.sty
Package: scrbase 2018/03/30 v3.25 KOMA-Script package (KOMA-Script-independent 
basics and keyval usage)

(C:\Users\221\Desktop\latex\texmfs\install\tex\latex\graphics\keyval.sty
Package: keyval 2014/10/28 v1.15 key=value parser (DPC)
\KV@toks@=\toks14
)
(C:\Users\221\Desktop\latex\texmfs\install\tex\latex\koma-script\scrlfile.sty
Package: scrlfile 2018/03/30 v3.25 KOMA-Script package (loading files)
))) (C:\Users\221\Desktop\latex\texmfs\install\tex\latex\koma-script\tocbasic.s
ty
Package: tocbasic 2018/03/30 v3.25 KOMA-Script package (handling toc-files)
\scr@dte@tocline@numberwidth=\skip41
\scr@dte@tocline@numbox=\box26
)
Package tocbasic Info: omitting babel extension for `toc'
(tocbasic)             because of feature `nobabel' available
(tocbasic)             for `toc' on input line 136.
Package tocbasic Info: defining new hook before heading of `' on input line 166
3.
Class scrbook Info: You've used standard option `oneside'.
(scrbook)           This is correct!
(scrbook)           Internally I'm using `twoside=false'.
(scrbook)           If you'd like to set the option with \KOMAoptions,
(scrbook)           you'd have to use `twoside=false' there
(scrbook)           instead of `oneside', too.
Class scrbook Info: File `scrsize11pt.clo' used to setup font sizes on input li
ne 2331.

(C:\Users\221\Desktop\latex\texmfs\install\tex\latex\koma-script\scrsize11pt.cl
o
File: scrsize11pt.clo 2018/03/30 v3.25 KOMA-Script font size class option (11pt
)
)
(C:\Users\221\Desktop\latex\texmfs\install\tex\latex\koma-script\typearea.sty
Package: typearea 2018/03/30 v3.25 KOMA-Script package (type area)
\ta@bcor=\skip42
\ta@div=\count82
Package typearea Info: You've used standard option `oneside'.
(typearea)             This is correct!
(typearea)             Internally I'm using `twoside=false'.
(typearea)             If you'd like to set the option with \KOMAoptions,
(typearea)             you'd have to use `twoside=false' there
(typearea)             instead of `oneside', too.
\ta@hblk=\skip43
\ta@vblk=\skip44
\ta@temp=\skip45
\footheight=\skip46
Package typearea Info: These are the values describing the layout:
(typearea)             DIV  = 10
(typearea)             BCOR = 0.0pt
(typearea)             \paperwidth      = 597.50793pt
(typearea)              \textwidth      = 418.25555pt
(typearea)              DIV departure   = -6%
(typearea)              \evensidemargin = 17.3562pt
(typearea)              \oddsidemargin  = 17.3562pt
(typearea)             \paperheight     = 845.04694pt
(typearea)              \textheight     = 555.00024pt
(typearea)              \topmargin      = 12.2347pt
(typearea)              \headheight     = 17.0pt
(typearea)              \headsep        = 20.40001pt
(typearea)              \topskip        = 11.0pt
(typearea)              \footskip       = 47.6pt
(typearea)              \baselineskip   = 13.6pt
(typearea)              on input line 1706.
)
\c@part=\count83
\c@chapter=\count84
\c@section=\count85
\c@subsection=\count86
\c@subsubsection=\count87
\c@paragraph=\count88
\c@subparagraph=\count89
\scr@dte@part@maxnumwidth=\skip47
\scr@dte@chapter@maxnumwidth=\skip48
\scr@dte@section@maxnumwidth=\skip49
\scr@dte@subsection@maxnumwidth=\skip50
\scr@dte@subsubsection@maxnumwidth=\skip51
\scr@dte@paragraph@maxnumwidth=\skip52
\scr@dte@subparagraph@maxnumwidth=\skip53
\abovecaptionskip=\skip54
\belowcaptionskip=\skip55
\c@pti@nb@sid@b@x=\box27
\scr@dte@figure@maxnumwidth=\skip56
Package tocbasic Info: omitting babel extension for `lof'
(tocbasic)             because of feature `nobabel' available
(tocbasic)             for `lof' on input line 6251.
\c@figure=\count90
\scr@dte@table@maxnumwidth=\skip57
Package tocbasic Info: omitting babel extension for `lot'
(tocbasic)             because of feature `nobabel' available
(tocbasic)             for `lot' on input line 6272.
\c@table=\count91
Class scrbook Info: Redefining `\numberline' on input line 6445.
\bibindent=\dimen102
) (settings.tex
(C:\Users\221\Desktop\latex\texmfs\install\tex\latex\base\inputenc.sty
Package: inputenc 2018/04/06 v1.3b Input encoding file
\inpenc@prehook=\toks15
\inpenc@posthook=\toks16
)
(C:\Users\221\Desktop\latex\texmfs\install\tex\latex\base\fontenc.sty
Package: fontenc 2017/04/05 v2.0i Standard LaTeX package

(C:\Users\221\Desktop\latex\texmfs\install\tex\latex\base\t1enc.def
File: t1enc.def 2017/04/05 v2.0i Standard LaTeX file
LaTeX Font Info:    Redeclaring font encoding T1 on input line 48.
))
(C:\Users\221\Desktop\latex\texmfs\install\tex\latex\psnfss\mathpazo.sty
Package: mathpazo 2005/04/12 PSNFSS-v9.2a Palatino w/ Pazo Math (D.Puga, WaS) 
\symupright=\mathgroup4
)
(C:\Users\221\Desktop\latex\texmfs\install\tex\generic\babel\babel.sty
Package: babel 2018/06/05 3.22 The Babel package

(C:\Users\221\Desktop\latex\texmfs\install\tex\generic\babel\switch.def
File: switch.def 2018/06/05 3.22 Babel switching mechanism
)
*************************************
* Local config file bblopts.cfg used
*
(C:\Users\221\Desktop\latex\texmfs\install\tex\latex\arabi\bblopts.cfg
File: bblopts.cfg 2005/09/08 v0.1 add Arabic and Farsi to "declared" options of
 babel
)
(C:\Users\221\Desktop\latex\texmfs\install\tex\latex\babel-german\ngerman.ldf
Language: ngerman 2018/03/29 v2.10 German support for babel (post-1996 orthogra
phy)

(C:\Users\221\Desktop\latex\texmfs\install\tex\latex\babel-german\ngermanb.ldf
Language: ngermanb 2018/03/29 v2.10 German support for babel (post-1996 orthogr
aphy)

(C:\Users\221\Desktop\latex\texmfs\install\tex\generic\babel\babel.def
File: babel.def 2018/06/05 3.22 Babel common definitions
\babel@savecnt=\count92
\U@D=\dimen103

(C:\Users\221\Desktop\latex\texmfs\install\tex\generic\babel\txtbabel.def)
\bbl@dirlevel=\count93
)

Package babel Warning: No hyphenation patterns were preloaded for
(babel)                the language `German (new orthography)' into the format.

(babel)                Please, configure your TeX system to add them and
(babel)                rebuild the format. Now I will use the patterns
(babel)                preloaded for \language=0 instead on input line 47.

\l@ngerman = a dialect from \language0
Package babel Info: Making " an active character on input line 121.
))
(C:\Users\221\Desktop\latex\texmfs\install\tex\latex\babel-english\english.ldf
Language: english 2017/06/06 v3.3r English support from the babel system
\l@british = a dialect from \language\l@english 
\l@UKenglish = a dialect from \language\l@english 
\l@american = a dialect from \language\l@english 
\l@canadian = a dialect from \language\l@american 
\l@australian = a dialect from \language\l@british 
\l@newzealand = a dialect from \language\l@british 
)) (C:\Users\221\Desktop\latex\texmfs\install\tex\latex\csquotes\csquotes.sty
Package: csquotes 2018/04/13 v5.2d context-sensitive quotations (JAW)

(C:\Users\221\Desktop\latex\texmfs\install\tex\latex\etoolbox\etoolbox.sty
Package: etoolbox 2018/02/11 v2.5e e-TeX tools for LaTeX (JAW)
\etb@tempcnta=\count94
)
\csq@reset=\count95
\csq@gtype=\count96
\csq@glevel=\count97
\csq@qlevel=\count98
\csq@maxlvl=\count99
\csq@tshold=\count100
\csq@ltx@everypar=\toks17

(C:\Users\221\Desktop\latex\texmfs\install\tex\latex\csquotes\csquotes.def
File: csquotes.def 2018/04/13 v5.2d csquotes generic definitions (JAW)
)
Package csquotes Info: Trying to load configuration file 'csquotes.cfg'...
Package csquotes Info: ... configuration file loaded successfully.

(C:\Users\221\Desktop\latex\texmfs\install\tex\latex\csquotes\csquotes.cfg
File: csquotes.cfg 
)
Package csquotes Info: Enabling multilingual quotes.
)
(C:\Users\221\Desktop\latex\texmfs\install\tex\latex\biblatex\biblatex.sty
Package: biblatex 2018/03/04 v3.11 programmable bibliographies (PK/MW)

(C:\Users\221\Desktop\latex\texmfs\install\tex\generic\oberdiek\pdftexcmds.sty
Package: pdftexcmds 2018/01/30 v0.27 Utility functions of pdfTeX for LuaTeX (HO
)

(C:\Users\221\Desktop\latex\texmfs\install\tex\generic\oberdiek\infwarerr.sty
Package: infwarerr 2016/05/16 v1.4 Providing info/warning/error messages (HO)
)
(C:\Users\221\Desktop\latex\texmfs\install\tex\generic\oberdiek\ifluatex.sty
Package: ifluatex 2016/05/16 v1.4 Provides the ifluatex switch (HO)
Package ifluatex Info: LuaTeX not detected.
)
(C:\Users\221\Desktop\latex\texmfs\install\tex\generic\oberdiek\ltxcmds.sty
Package: ltxcmds 2016/05/16 v1.23 LaTeX kernel commands for general use (HO)
)
(C:\Users\221\Desktop\latex\texmfs\install\tex\generic\oberdiek\ifpdf.sty
Package: ifpdf 2017/03/15 v3.2 Provides the ifpdf switch
)
Package pdftexcmds Info: LuaTeX not detected.
Package pdftexcmds Info: \pdf@primitive is available.
Package pdftexcmds Info: \pdf@ifprimitive is available.
Package pdftexcmds Info: \pdfdraftmode found.
)
(C:\Users\221\Desktop\latex\texmfs\install\tex\latex\oberdiek\kvoptions.sty
Package: kvoptions 2016/05/16 v3.12 Key value format for package options (HO)

(C:\Users\221\Desktop\latex\texmfs\install\tex\generic\oberdiek\kvsetkeys.sty
Package: kvsetkeys 2016/05/16 v1.17 Key value parser (HO)

(C:\Users\221\Desktop\latex\texmfs\install\tex\generic\oberdiek\etexcmds.sty
Package: etexcmds 2016/05/16 v1.6 Avoid name clashes with e-TeX commands (HO)
Package etexcmds Info: Could not find \expanded.
(etexcmds)             That can mean that you are not using pdfTeX 1.50 or
(etexcmds)             that some package has redefined \expanded.
(etexcmds)             In the latter case, load this package earlier.
))) (C:\Users\221\Desktop\latex\texmfs\install\tex\latex\logreq\logreq.sty
Package: logreq 2010/08/04 v1.0 xml request logger
\lrq@indent=\count101

(C:\Users\221\Desktop\latex\texmfs\install\tex\latex\logreq\logreq.def
File: logreq.def 2010/08/04 v1.0 logreq spec v1.0
))
(C:\Users\221\Desktop\latex\texmfs\install\tex\latex\base\ifthen.sty
Package: ifthen 2014/09/29 v1.1c Standard LaTeX ifthen package (DPC)
)
(C:\Users\221\Desktop\latex\texmfs\install\tex\latex\url\url.sty
\Urlmuskip=\muskip10
Package: url 2013/09/16  ver 3.4  Verb mode for urls, etc.
)
(C:\Users\221\Desktop\latex\texmfs\install\tex\latex\xstring\xstring.sty
(C:\Users\221\Desktop\latex\texmfs\install\tex\generic\xstring\xstring.tex
\@xs@message=\write3
\integerpart=\count102
\decimalpart=\count103
)
Package: xstring 2013/10/13  v1.7c  String manipulations (C Tellechea)
)
\c@tabx@nest=\count104
\c@listtotal=\count105
\c@listcount=\count106
\c@liststart=\count107
\c@liststop=\count108
\c@citecount=\count109
\c@citetotal=\count110
\c@multicitecount=\count111
\c@multicitetotal=\count112
\c@instcount=\count113
\c@maxnames=\count114
\c@minnames=\count115
\c@maxitems=\count116
\c@minitems=\count117
\c@citecounter=\count118
\c@savedcitecounter=\count119
\c@uniquelist=\count120
\c@uniquename=\count121
\c@refsection=\count122
\c@refsegment=\count123
\c@maxextratitle=\count124
\c@maxextratitleyear=\count125
\c@maxextradate=\count126
\c@maxextraalpha=\count127
\c@abbrvpenalty=\count128
\c@highnamepenalty=\count129
\c@lownamepenalty=\count130
\c@maxparens=\count131
\c@parenlevel=\count132
\blx@tempcnta=\count133
\blx@tempcntb=\count134
\blx@tempcntc=\count135
\blx@maxsection=\count136
\blx@maxsegment@0=\count137
\blx@notetype=\count138
\blx@parenlevel@text=\count139
\blx@parenlevel@foot=\count140
\blx@sectionciteorder@0=\count141
\labelnumberwidth=\skip58
\labelalphawidth=\skip59
\biblabelsep=\skip60
\bibitemsep=\skip61
\bibnamesep=\skip62
\bibinitsep=\skip63
\bibparsep=\skip64
\bibhang=\skip65
\blx@bcfin=\read1
\blx@bcfout=\write4
\c@mincomprange=\count142
\c@maxcomprange=\count143
\c@mincompwidth=\count144
Package biblatex Info: Trying to load biblatex default data model...
Package biblatex Info: ... file 'blx-dm.def' found.

(C:\Users\221\Desktop\latex\texmfs\install\tex\latex\biblatex\blx-dm.def
File: blx-dm.def 2018/03/04 v3.11 biblatex localization (PK/MW)
)
Package biblatex Info: Trying to load biblatex style data model...
Package biblatex Info: ... file 'alphabetic.dbx' not found.
Package biblatex Info: Trying to load biblatex custom data model...
Package biblatex Info: ... file 'biblatex-dm.cfg' not found.
\c@afterword=\count145
\c@savedafterword=\count146
\c@annotator=\count147
\c@savedannotator=\count148
\c@author=\count149
\c@savedauthor=\count150
\c@bookauthor=\count151
\c@savedbookauthor=\count152
\c@commentator=\count153
\c@savedcommentator=\count154
\c@editor=\count155
\c@savededitor=\count156
\c@editora=\count157
\c@savededitora=\count158
\c@editorb=\count159
\c@savededitorb=\count160
\c@editorc=\count161
\c@savededitorc=\count162
\c@foreword=\count163
\c@savedforeword=\count164
\c@holder=\count165
\c@savedholder=\count166
\c@introduction=\count167
\c@savedintroduction=\count168
\c@namea=\count169
\c@savednamea=\count170
\c@nameb=\count171
\c@savednameb=\count172
\c@namec=\count173
\c@savednamec=\count174
\c@translator=\count175
\c@savedtranslator=\count176
\c@shortauthor=\count177
\c@savedshortauthor=\count178
\c@shorteditor=\count179
\c@savedshorteditor=\count180
\c@labelname=\count181
\c@savedlabelname=\count182
\c@institution=\count183
\c@savedinstitution=\count184
\c@lista=\count185
\c@savedlista=\count186
\c@listb=\count187
\c@savedlistb=\count188
\c@listc=\count189
\c@savedlistc=\count190
\c@listd=\count191
\c@savedlistd=\count192
\c@liste=\count193
\c@savedliste=\count194
\c@listf=\count195
\c@savedlistf=\count196
\c@location=\count197
\c@savedlocation=\count198
\c@organization=\count199
\c@savedorganization=\count266
\c@origlocation=\count267
\c@savedoriglocation=\count268
\c@origpublisher=\count269
\c@savedorigpublisher=\count270
\c@publisher=\count271
\c@savedpublisher=\count272
\c@language=\count273
\c@savedlanguage=\count274
\c@origlanguage=\count275
\c@savedoriglanguage=\count276
\c@pageref=\count277
\c@savedpageref=\count278
\shorthandwidth=\skip66
\shortjournalwidth=\skip67
\shortserieswidth=\skip68
\shorttitlewidth=\skip69
\shortauthorwidth=\skip70
\shorteditorwidth=\skip71
\locallabelnumberwidth=\skip72
\locallabelalphawidth=\skip73
\localshorthandwidth=\skip74
\localshortjournalwidth=\skip75
\localshortserieswidth=\skip76
\localshorttitlewidth=\skip77
\localshortauthorwidth=\skip78
\localshorteditorwidth=\skip79
Package biblatex Info: Trying to load compatibility code...
Package biblatex Info: ... file 'blx-compat.def' found.

(C:\Users\221\Desktop\latex\texmfs\install\tex\latex\biblatex\blx-compat.def
File: blx-compat.def 2018/03/04 v3.11 biblatex compatibility (PK/MW)
)
Package biblatex Info: Trying to load generic definitions...
Package biblatex Info: ... file 'biblatex.def' found.

(C:\Users\221\Desktop\latex\texmfs\install\tex\latex\biblatex\biblatex.def
File: biblatex.def 2018/03/04 v3.11 biblatex compatibility (PK/MW)
\c@textcitecount=\count279
\c@textcitetotal=\count280
\c@textcitemaxnames=\count281
\c@biburlnumpenalty=\count282
\c@biburlucpenalty=\count283
\c@biburllcpenalty=\count284
\c@smartand=\count285
)
Package biblatex Info: Trying to load bibliography style 'alphabetic'...
Package biblatex Info: ... file 'alphabetic.bbx' found.

(C:\Users\221\Desktop\latex\texmfs\install\tex\latex\biblatex\bbx\alphabetic.bb
x
File: alphabetic.bbx 2018/03/04 v3.11 biblatex bibliography style (PK/MW)
Package biblatex Info: Trying to load bibliography style 'standard'...
Package biblatex Info: ... file 'standard.bbx' found.

(C:\Users\221\Desktop\latex\texmfs\install\tex\latex\biblatex\bbx\standard.bbx
File: standard.bbx 2018/03/04 v3.11 biblatex bibliography style (PK/MW)
\c@bbx:relatedcount=\count286
\c@bbx:relatedtotal=\count287
))
Package biblatex Info: Trying to load citation style 'alphabetic'...
Package biblatex Info: ... file 'alphabetic.cbx' found.

(C:\Users\221\Desktop\latex\texmfs\install\tex\latex\biblatex\cbx\alphabetic.cb
x
File: alphabetic.cbx 2018/03/04 v3.11 biblatex citation style (PK/MW)
Package biblatex Info: Redefining '\cite'.
Package biblatex Info: Redefining '\parencite'.
Package biblatex Info: Redefining '\footcite'.
Package biblatex Info: Redefining '\footcitetext'.
Package biblatex Info: Redefining '\smartcite'.
Package biblatex Info: Redefining '\textcite'.
Package biblatex Info: Redefining '\textcites'.
Package biblatex Info: Redefining '\cites'.
Package biblatex Info: Redefining '\parencites'.
Package biblatex Info: Redefining '\smartcites'.
)
Package biblatex Info: Trying to load configuration file...
Package biblatex Info: ... file 'biblatex.cfg' found.
 (C:\Users\221\Desktop\latex\texmfs\install\tex\latex\biblatex\biblatex.cfg
File: biblatex.cfg 
)) (C:\Users\221\Desktop\latex\texmfs\install\tex\latex\graphics\graphicx.sty
Package: graphicx 2017/06/01 v1.1a Enhanced LaTeX Graphics (DPC,SPQR)

(C:\Users\221\Desktop\latex\texmfs\install\tex\latex\graphics\graphics.sty
Package: graphics 2017/06/25 v1.2c Standard LaTeX Graphics (DPC,SPQR)

(C:\Users\221\Desktop\latex\texmfs\install\tex\latex\graphics\trig.sty
Package: trig 2016/01/03 v1.10 sin cos tan (DPC)
)
(C:\Users\221\Desktop\latex\texmfs\install\tex\latex\graphics-cfg\graphics.cfg
File: graphics.cfg 2016/06/04 v1.11 sample graphics configuration
)
Package graphics Info: Driver file: pdftex.def on input line 99.
(C:\Users\221\Desktop\latex\texmfs\install\tex\latex\graphics-def\pdftex.def
File: pdftex.def 2018/01/08 v1.0l Graphics/color driver for pdftex
))
\Gin@req@height=\dimen104
\Gin@req@width=\dimen105
) (C:\Users\221\Desktop\latex\texmfs\install\tex\latex\koma-script\scrhack.sty
Package: scrhack 2018/03/30 v3.25 KOMA-Script package 

(C:\Users\221\Desktop\latex\texmfs\install\tex\latex\xpatch\xpatch.sty
(C:\Users\221\Desktop\latex\texmfs\install\tex\latex\l3kernel\expl3.sty
Package: expl3 2018-06-14 L3 programming layer (loader) 

(C:\Users\221\Desktop\latex\texmfs\install\tex\latex\l3kernel\expl3-code.tex
Package: expl3 2018-06-14 L3 programming layer (code)
\c_max_int=\count288
\l_tmpa_int=\count289
\l_tmpb_int=\count290
\g_tmpa_int=\count291
\g_tmpb_int=\count292
\g__kernel_prg_map_int=\count293
\c_log_iow=\count294
\l_iow_line_count_int=\count295
\l__iow_line_target_int=\count296
\l__iow_one_indent_int=\count297
\l__iow_indent_int=\count298
\c_zero_dim=\dimen106
\c_max_dim=\dimen107
\l_tmpa_dim=\dimen108
\l_tmpb_dim=\dimen109
\g_tmpa_dim=\dimen110
\g_tmpb_dim=\dimen111
\c_zero_skip=\skip80
\c_max_skip=\skip81
\l_tmpa_skip=\skip82
\l_tmpb_skip=\skip83
\g_tmpa_skip=\skip84
\g_tmpb_skip=\skip85
\c_zero_muskip=\muskip11
\c_max_muskip=\muskip12
\l_tmpa_muskip=\muskip13
\l_tmpb_muskip=\muskip14
\g_tmpa_muskip=\muskip15
\g_tmpb_muskip=\muskip16
\l_keys_choice_int=\count299
\l__intarray_loop_int=\count300
\c__intarray_sp_dim=\dimen112
\g__intarray_font_int=\count301
\c__fp_leading_shift_int=\count302
\c__fp_middle_shift_int=\count303
\c__fp_trailing_shift_int=\count304
\c__fp_big_leading_shift_int=\count305
\c__fp_big_middle_shift_int=\count306
\c__fp_big_trailing_shift_int=\count307
\c__fp_Bigg_leading_shift_int=\count308
\c__fp_Bigg_middle_shift_int=\count309
\c__fp_Bigg_trailing_shift_int=\count310
\c__kernel_randint_max_int=\count311
\g__fp_array_int=\count312
\l__fp_array_loop_int=\count313
\l__sort_length_int=\count314
\l__sort_min_int=\count315
\l__sort_top_int=\count316
\l__sort_max_int=\count317
\l__sort_true_max_int=\count318
\l__sort_block_int=\count319
\l__sort_begin_int=\count320
\l__sort_end_int=\count321
\l__sort_A_int=\count322
\l__sort_B_int=\count323
\l__sort_C_int=\count324
\l__tl_analysis_normal_int=\count325
\l__tl_analysis_index_int=\count326
\l__tl_analysis_nesting_int=\count327
\l__tl_analysis_type_int=\count328
\l__regex_internal_a_int=\count329
\l__regex_internal_b_int=\count330
\l__regex_internal_c_int=\count331
\l__regex_balance_int=\count332
\l__regex_group_level_int=\count333
\l__regex_mode_int=\count334
\c__regex_cs_in_class_mode_int=\count335
\c__regex_cs_mode_int=\count336
\l__regex_catcodes_int=\count337
\l__regex_default_catcodes_int=\count338
\c__regex_catcode_D_int=\count339
\c__regex_catcode_S_int=\count340
\c__regex_catcode_L_int=\count341
\c__regex_catcode_O_int=\count342
\c__regex_catcode_A_int=\count343
\c__regex_all_catcodes_int=\count344
\l__regex_show_lines_int=\count345
\l__regex_min_state_int=\count346
\l__regex_max_state_int=\count347
\l__regex_left_state_int=\count348
\l__regex_right_state_int=\count349
\l__regex_capturing_group_int=\count350
\l__regex_min_pos_int=\count351
\l__regex_max_pos_int=\count352
\l__regex_curr_pos_int=\count353
\l__regex_start_pos_int=\count354
\l__regex_success_pos_int=\count355
\l__regex_curr_char_int=\count356
\l__regex_curr_catcode_int=\count357
\l__regex_last_char_int=\count358
\l__regex_case_changed_char_int=\count359
\l__regex_curr_state_int=\count360
\l__regex_step_int=\count361
\l__regex_min_active_int=\count362
\l__regex_max_active_int=\count363
\l__regex_replacement_csnames_int=\count364
\l__regex_match_count_int=\count365
\l__regex_min_submatch_int=\count366
\l__regex_submatch_int=\count367
\l__regex_zeroth_submatch_int=\count368
\g__regex_trace_regex_int=\count369
\c_empty_box=\box28
\l_tmpa_box=\box29
\l_tmpb_box=\box30
\g_tmpa_box=\box31
\g_tmpb_box=\box32
\l__box_top_dim=\dimen113
\l__box_bottom_dim=\dimen114
\l__box_left_dim=\dimen115
\l__box_right_dim=\dimen116
\l__box_top_new_dim=\dimen117
\l__box_bottom_new_dim=\dimen118
\l__box_left_new_dim=\dimen119
\l__box_right_new_dim=\dimen120
\l__box_internal_box=\box33
\l__coffin_internal_box=\box34
\l__coffin_internal_dim=\dimen121
\l__coffin_offset_x_dim=\dimen122
\l__coffin_offset_y_dim=\dimen123
\l__coffin_x_dim=\dimen124
\l__coffin_y_dim=\dimen125
\l__coffin_x_prime_dim=\dimen126
\l__coffin_y_prime_dim=\dimen127
\c_empty_coffin=\box35
\l__coffin_aligned_coffin=\box36
\l__coffin_aligned_internal_coffin=\box37
\l_tmpa_coffin=\box38
\l_tmpb_coffin=\box39
\l__coffin_display_coffin=\box40
\l__coffin_display_coord_coffin=\box41
\l__coffin_display_pole_coffin=\box42
\l__coffin_display_offset_dim=\dimen128
\l__coffin_display_x_dim=\dimen129
\l__coffin_display_y_dim=\dimen130
\g__file_internal_ior=\read2
\l__coffin_bounding_shift_dim=\dimen131
\l__coffin_left_corner_dim=\dimen132
\l__coffin_right_corner_dim=\dimen133
\l__coffin_bottom_corner_dim=\dimen134
\l__coffin_top_corner_dim=\dimen135
\l__coffin_scaled_total_height_dim=\dimen136
\l__coffin_scaled_width_dim=\dimen137
\l__seq_internal_a_int=\count370
\l__seq_internal_b_int=\count371
)
(C:\Users\221\Desktop\latex\texmfs\install\tex\latex\l3kernel\l3pdfmode.def
File: l3pdfmode.def 2018-06-14 v L3 Experimental driver: PDF mode
\l__driver_color_stack_int=\count372
))
Package: xpatch 2012/10/02 v0.3 Extending etoolbox patching commands

(C:\Users\221\Desktop\latex\texmfs\install\tex\latex\l3packages\xparse\xparse.s
ty
Package: xparse 2018-05-12 L3 Experimental document command parser
\l__xparse_current_arg_int=\count373
\g__xparse_grabber_int=\count374
\l__xparse_m_args_int=\count375
\l__xparse_mandatory_args_int=\count376
\l__xparse_v_nesting_int=\count377
)
.................................................
. LaTeX info: "xparse/define-command"
. 
. Defining command \xpatchcmd with sig. '' on line 125.
.................................................
.................................................
. LaTeX info: "xparse/define-command"
. 
. Defining command \xpretocmd with sig. '' on line 126.
.................................................
.................................................
. LaTeX info: "xparse/define-command"
. 
. Defining command \xapptocmd with sig. '' on line 127.
.................................................
.................................................
. LaTeX info: "xparse/define-command"
. 
. Defining command \xshowcmd with sig. '' on line 128.
.................................................
.................................................
. LaTeX info: "xparse/define-command"
. 
. Defining command \xpatchbibmacro with sig. 'm' on line 131.
.................................................
.................................................
. LaTeX info: "xparse/define-command"
. 
. Defining command \xpretobibmacro with sig. 'm' on line 133.
.................................................
.................................................
. LaTeX info: "xparse/define-command"
. 
. Defining command \xapptobibmacro with sig. 'm' on line 135.
.................................................
.................................................
. LaTeX info: "xparse/define-command"
. 
. Defining command \xshowbibmacro with sig. 'm' on line 137.
.................................................
.................................................
. LaTeX info: "xparse/define-command"
. 
. Defining command \xpatchfieldformat with sig. 'O{*}m' on line 139.
.................................................
.................................................
. LaTeX info: "xparse/define-command"
. 
. Defining command \xpretofieldformat with sig. 'O{*}m' on line 141.
.................................................
.................................................
. LaTeX info: "xparse/define-command"
. 
. Defining command \xapptofieldformat with sig. 'O{*}m' on line 143.
.................................................
.................................................
. LaTeX info: "xparse/define-command"
. 
. Defining command \xshowfieldformat with sig. 'O{*}m' on line 145.
.................................................
.................................................
. LaTeX info: "xparse/define-command"
. 
. Defining command \xpatchnameformat with sig. 'O{*}m' on line 147.
.................................................
.................................................
. LaTeX info: "xparse/define-command"
. 
. Defining command \xpretonameformat with sig. 'O{*}m' on line 149.
.................................................
.................................................
. LaTeX info: "xparse/define-command"
. 
. Defining command \xapptonameformat with sig. 'O{*}m' on line 151.
.................................................
.................................................
. LaTeX info: "xparse/define-command"
. 
. Defining command \xshownameformat with sig. 'O{*}m' on line 153.
.................................................
.................................................
. LaTeX info: "xparse/define-command"
. 
. Defining command \xpatchlistformat with sig. 'O{*}m' on line 155.
.................................................
.................................................
. LaTeX info: "xparse/define-command"
. 
. Defining command \xpretolistformat with sig. 'O{*}m' on line 157.
.................................................
.................................................
. LaTeX info: "xparse/define-command"
. 
. Defining command \xapptolistformat with sig. 'O{*}m' on line 159.
.................................................
.................................................
. LaTeX info: "xparse/define-command"
. 
. Defining command \xshowlistformat with sig. 'O{*}m' on line 161.
.................................................
.................................................
. LaTeX info: "xparse/define-command"
. 
. Defining command \xpatchindexfieldformat with sig. 'O{*}m' on line 163.
.................................................
.................................................
. LaTeX info: "xparse/define-command"
. 
. Defining command \xpretoindexfieldformat with sig. 'O{*}m' on line 165.
.................................................
.................................................
. LaTeX info: "xparse/define-command"
. 
. Defining command \xapptoindexfieldformat with sig. 'O{*}m' on line 167.
.................................................
.................................................
. LaTeX info: "xparse/define-command"
. 
. Defining command \xshowindexfieldformat with sig. 'O{*}m' on line 169.
.................................................
.................................................
. LaTeX info: "xparse/define-command"
. 
. Defining command \xpatchindexnameformat with sig. 'O{*}m' on line 171.
.................................................
.................................................
. LaTeX info: "xparse/define-command"
. 
. Defining command \xpretoindexnameformat with sig. 'O{*}m' on line 173.
.................................................
.................................................
. LaTeX info: "xparse/define-command"
. 
. Defining command \xapptoindexnameformat with sig. 'O{*}m' on line 175.
.................................................
.................................................
. LaTeX info: "xparse/define-command"
. 
. Defining command \xshowindexnameformat with sig. 'O{*}m' on line 177.
.................................................
.................................................
. LaTeX info: "xparse/define-command"
. 
. Defining command \xpatchindexlistformat with sig. 'O{*}m' on line 179.
.................................................
.................................................
. LaTeX info: "xparse/define-command"
. 
. Defining command \xpretoindexlistformat with sig. 'O{*}m' on line 181.
.................................................
.................................................
. LaTeX info: "xparse/define-command"
. 
. Defining command \xappindextolistformat with sig. 'O{*}m' on line 183.
.................................................
.................................................
. LaTeX info: "xparse/define-command"
. 
. Defining command \xshowindexlistformat with sig. 'O{*}m' on line 185.
.................................................
.................................................
. LaTeX info: "xparse/define-command"
. 
. Defining command \xpatchbibdriver with sig. 'm' on line 187.
.................................................
.................................................
. LaTeX info: "xparse/define-command"
. 
. Defining command \xpretobibdriver with sig. 'm' on line 189.
.................................................
.................................................
. LaTeX info: "xparse/define-command"
. 
. Defining command \xapptobibdriver with sig. 'm' on line 191.
.................................................
.................................................
. LaTeX info: "xparse/define-command"
. 
. Defining command \xshowbibdriver with sig. 'm' on line 193.
.................................................
))
(C:\Users\221\Desktop\latex\texmfs\install\tex\latex\listings\listings.sty
\lst@mode=\count378
\lst@gtempboxa=\box43
\lst@token=\toks18
\lst@length=\count379
\lst@currlwidth=\dimen138
\lst@column=\count380
\lst@pos=\count381
\lst@lostspace=\dimen139
\lst@width=\dimen140
\lst@newlines=\count382
\lst@lineno=\count383
\lst@maxwidth=\dimen141

(C:\Users\221\Desktop\latex\texmfs\install\tex\latex\listings\lstmisc.sty
File: lstmisc.sty 2015/06/04 1.6 (Carsten Heinz)
\c@lstnumber=\count384
\lst@skipnumbers=\count385
\lst@framebox=\box44
)
(C:\Users\221\Desktop\latex\texmfs\install\tex\latex\listings\listings.cfg
File: listings.cfg 2015/06/04 1.6 listings configuration
))
Package scrhack Info: loading listings hack on input line 20.

(C:\Users\221\Desktop\latex\texmfs\install\tex\latex\koma-script\listings.hak
File: listings.hak 2018/03/30 v3.25 KOMA-Script package (hacking package listin
gs)
Package tocbasic Info: setting babel extension for `lol' on input line 137.
Package scrhack Info: redefining \lstlistoflistings on input line 137.
)
Package: listings 2015/06/04 1.6 (Carsten Heinz)

(C:\Users\221\Desktop\latex\texmfs\install\tex\latex\lstaddons\lstautogobble.st
y
Package: lstautogobble 2012/05/03 v0.1 Implements 'autogobble' option for 'list
ings'
\lstag@spacecount=\count386
)
(C:\Users\221\Desktop\latex\texmfs\install\tex\latex\pgf\frontendlayer\tikz.sty
(C:\Users\221\Desktop\latex\texmfs\install\tex\latex\pgf\basiclayer\pgf.sty
(C:\Users\221\Desktop\latex\texmfs\install\tex\latex\pgf\utilities\pgfrcs.sty
(C:\Users\221\Desktop\latex\texmfs\install\tex\generic\pgf\utilities\pgfutil-co
mmon.tex
\pgfutil@everybye=\toks19
\pgfutil@tempdima=\dimen142
\pgfutil@tempdimb=\dimen143

(C:\Users\221\Desktop\latex\texmfs\install\tex\generic\pgf\utilities\pgfutil-co
mmon-lists.tex))
(C:\Users\221\Desktop\latex\texmfs\install\tex\generic\pgf\utilities\pgfutil-la
tex.def
\pgfutil@abb=\box45
 (C:\Users\221\Desktop\latex\texmfs\install\tex\latex\ms\everyshi.sty
Package: everyshi 2001/05/15 v3.00 EveryShipout Package (MS)
))
(C:\Users\221\Desktop\latex\texmfs\install\tex\generic\pgf\utilities\pgfrcs.cod
e.tex
Package: pgfrcs 2015/08/07 v3.0.1a (rcs-revision 1.31)
))
Package: pgf 2015/08/07 v3.0.1a (rcs-revision 1.15)

(C:\Users\221\Desktop\latex\texmfs\install\tex\latex\pgf\basiclayer\pgfcore.sty

(C:\Users\221\Desktop\latex\texmfs\install\tex\latex\pgf\systemlayer\pgfsys.sty

(C:\Users\221\Desktop\latex\texmfs\install\tex\generic\pgf\systemlayer\pgfsys.c
ode.tex
Package: pgfsys 2014/07/09 v3.0.1a (rcs-revision 1.48)

(C:\Users\221\Desktop\latex\texmfs\install\tex\generic\pgf\utilities\pgfkeys.co
de.tex
\pgfkeys@pathtoks=\toks20
\pgfkeys@temptoks=\toks21

(C:\Users\221\Desktop\latex\texmfs\install\tex\generic\pgf\utilities\pgfkeysfil
tered.code.tex
\pgfkeys@tmptoks=\toks22
))
\pgf@x=\dimen144
\pgf@y=\dimen145
\pgf@xa=\dimen146
\pgf@ya=\dimen147
\pgf@xb=\dimen148
\pgf@yb=\dimen149
\pgf@xc=\dimen150
\pgf@yc=\dimen151
\w@pgf@writea=\write5
\r@pgf@reada=\read3
\c@pgf@counta=\count387
\c@pgf@countb=\count388
\c@pgf@countc=\count389
\c@pgf@countd=\count390
\t@pgf@toka=\toks23
\t@pgf@tokb=\toks24
\t@pgf@tokc=\toks25

(C:\Users\221\Desktop\latex\texmfs\install\tex\generic\pgf\systemlayer\pgf.cfg
File: pgf.cfg 2008/05/14  (rcs-revision 1.7)
)
Driver file for pgf: pgfsys-pdftex.def

(C:\Users\221\Desktop\latex\texmfs\install\tex\generic\pgf\systemlayer\pgfsys-p
dftex.def
File: pgfsys-pdftex.def 2014/10/11  (rcs-revision 1.35)

(C:\Users\221\Desktop\latex\texmfs\install\tex\generic\pgf\systemlayer\pgfsys-c
ommon-pdf.def
File: pgfsys-common-pdf.def 2013/10/10  (rcs-revision 1.13)
)))
(C:\Users\221\Desktop\latex\texmfs\install\tex\generic\pgf\systemlayer\pgfsysso
ftpath.code.tex
File: pgfsyssoftpath.code.tex 2013/09/09  (rcs-revision 1.9)
\pgfsyssoftpath@smallbuffer@items=\count391
\pgfsyssoftpath@bigbuffer@items=\count392
)
(C:\Users\221\Desktop\latex\texmfs\install\tex\generic\pgf\systemlayer\pgfsyspr
otocol.code.tex
File: pgfsysprotocol.code.tex 2006/10/16  (rcs-revision 1.4)
))
(C:\Users\221\Desktop\latex\texmfs\install\tex\latex\xcolor\xcolor.sty
Package: xcolor 2016/05/11 v2.12 LaTeX color extensions (UK)

(C:\Users\221\Desktop\latex\texmfs\install\tex\latex\graphics-cfg\color.cfg
File: color.cfg 2016/01/02 v1.6 sample color configuration
)
Package xcolor Info: Driver file: pdftex.def on input line 225.

(C:\Users\221\Desktop\latex\texmfs\install\tex\latex\colortbl\colortbl.sty
Package: colortbl 2018/05/02 v1.0c Color table columns (DPC)

(C:\Users\221\Desktop\latex\texmfs\install\tex\latex\tools\array.sty
Package: array 2018/04/30 v2.4h Tabular extension package (FMi)
\col@sep=\dimen152
\ar@mcellbox=\box46
\extrarowheight=\dimen153
\NC@list=\toks26
\extratabsurround=\skip86
\backup@length=\skip87
\ar@cellbox=\box47
)
\everycr=\toks27
\minrowclearance=\skip88
)
\rownum=\count393
Package xcolor Info: Model `cmy' substituted by `cmy0' on input line 1348.
Package xcolor Info: Model `hsb' substituted by `rgb' on input line 1352.
Package xcolor Info: Model `RGB' extended on input line 1364.
Package xcolor Info: Model `HTML' substituted by `rgb' on input line 1366.
Package xcolor Info: Model `Hsb' substituted by `hsb' on input line 1367.
Package xcolor Info: Model `tHsb' substituted by `hsb' on input line 1368.
Package xcolor Info: Model `HSB' substituted by `hsb' on input line 1369.
Package xcolor Info: Model `Gray' substituted by `gray' on input line 1370.
Package xcolor Info: Model `wave' substituted by `hsb' on input line 1371.

(C:\Users\221\Desktop\latex\texmfs\install\tex\latex\graphics\dvipsnam.def
File: dvipsnam.def 2016/06/17 v3.0m Driver-dependent file (DPC,SPQR)
)
(C:\Users\221\Desktop\latex\texmfs\install\tex\latex\xcolor\svgnam.def
File: svgnam.def 2016/05/11 v2.12 Predefined colors according to SVG 1.1 (UK)
))
(C:\Users\221\Desktop\latex\texmfs\install\tex\generic\pgf\basiclayer\pgfcore.c
ode.tex
Package: pgfcore 2010/04/11 v3.0.1a (rcs-revision 1.7)

(C:\Users\221\Desktop\latex\texmfs\install\tex\generic\pgf\math\pgfmath.code.te
x
(C:\Users\221\Desktop\latex\texmfs\install\tex\generic\pgf\math\pgfmathcalc.cod
e.tex
(C:\Users\221\Desktop\latex\texmfs\install\tex\generic\pgf\math\pgfmathutil.cod
e.tex)
(C:\Users\221\Desktop\latex\texmfs\install\tex\generic\pgf\math\pgfmathparser.c
ode.tex
\pgfmath@dimen=\dimen154
\pgfmath@count=\count394
\pgfmath@box=\box48
\pgfmath@toks=\toks28
\pgfmath@stack@operand=\toks29
\pgfmath@stack@operation=\toks30
)
(C:\Users\221\Desktop\latex\texmfs\install\tex\generic\pgf\math\pgfmathfunction
s.code.tex
(C:\Users\221\Desktop\latex\texmfs\install\tex\generic\pgf\math\pgfmathfunction
s.basic.code.tex)
(C:\Users\221\Desktop\latex\texmfs\install\tex\generic\pgf\math\pgfmathfunction
s.trigonometric.code.tex)
(C:\Users\221\Desktop\latex\texmfs\install\tex\generic\pgf\math\pgfmathfunction
s.random.code.tex)
(C:\Users\221\Desktop\latex\texmfs\install\tex\generic\pgf\math\pgfmathfunction
s.comparison.code.tex)
(C:\Users\221\Desktop\latex\texmfs\install\tex\generic\pgf\math\pgfmathfunction
s.base.code.tex)
(C:\Users\221\Desktop\latex\texmfs\install\tex\generic\pgf\math\pgfmathfunction
s.round.code.tex)
(C:\Users\221\Desktop\latex\texmfs\install\tex\generic\pgf\math\pgfmathfunction
s.misc.code.tex)
(C:\Users\221\Desktop\latex\texmfs\install\tex\generic\pgf\math\pgfmathfunction
s.integerarithmetics.code.tex)))
(C:\Users\221\Desktop\latex\texmfs\install\tex\generic\pgf\math\pgfmathfloat.co
de.tex
\c@pgfmathroundto@lastzeros=\count395
))
(C:\Users\221\Desktop\latex\texmfs\install\tex\generic\pgf\basiclayer\pgfcorepo
ints.code.tex
File: pgfcorepoints.code.tex 2013/10/07  (rcs-revision 1.27)
\pgf@picminx=\dimen155
\pgf@picmaxx=\dimen156
\pgf@picminy=\dimen157
\pgf@picmaxy=\dimen158
\pgf@pathminx=\dimen159
\pgf@pathmaxx=\dimen160
\pgf@pathminy=\dimen161
\pgf@pathmaxy=\dimen162
\pgf@xx=\dimen163
\pgf@xy=\dimen164
\pgf@yx=\dimen165
\pgf@yy=\dimen166
\pgf@zx=\dimen167
\pgf@zy=\dimen168
)
(C:\Users\221\Desktop\latex\texmfs\install\tex\generic\pgf\basiclayer\pgfcorepa
thconstruct.code.tex
File: pgfcorepathconstruct.code.tex 2013/10/07  (rcs-revision 1.29)
\pgf@path@lastx=\dimen169
\pgf@path@lasty=\dimen170
)
(C:\Users\221\Desktop\latex\texmfs\install\tex\generic\pgf\basiclayer\pgfcorepa
thusage.code.tex
File: pgfcorepathusage.code.tex 2014/11/02  (rcs-revision 1.24)
\pgf@shorten@end@additional=\dimen171
\pgf@shorten@start@additional=\dimen172
)
(C:\Users\221\Desktop\latex\texmfs\install\tex\generic\pgf\basiclayer\pgfcoresc
opes.code.tex
File: pgfcorescopes.code.tex 2015/05/08  (rcs-revision 1.46)
\pgfpic=\box49
\pgf@hbox=\box50
\pgf@layerbox@main=\box51
\pgf@picture@serial@count=\count396
)
(C:\Users\221\Desktop\latex\texmfs\install\tex\generic\pgf\basiclayer\pgfcoregr
aphicstate.code.tex
File: pgfcoregraphicstate.code.tex 2014/11/02  (rcs-revision 1.12)
\pgflinewidth=\dimen173
)
(C:\Users\221\Desktop\latex\texmfs\install\tex\generic\pgf\basiclayer\pgfcoretr
ansformations.code.tex
File: pgfcoretransformations.code.tex 2015/08/07  (rcs-revision 1.20)
\pgf@pt@x=\dimen174
\pgf@pt@y=\dimen175
\pgf@pt@temp=\dimen176
)
(C:\Users\221\Desktop\latex\texmfs\install\tex\generic\pgf\basiclayer\pgfcorequ
ick.code.tex
File: pgfcorequick.code.tex 2008/10/09  (rcs-revision 1.3)
)
(C:\Users\221\Desktop\latex\texmfs\install\tex\generic\pgf\basiclayer\pgfcoreob
jects.code.tex
File: pgfcoreobjects.code.tex 2006/10/11  (rcs-revision 1.2)
)
(C:\Users\221\Desktop\latex\texmfs\install\tex\generic\pgf\basiclayer\pgfcorepa
thprocessing.code.tex
File: pgfcorepathprocessing.code.tex 2013/09/09  (rcs-revision 1.9)
)
(C:\Users\221\Desktop\latex\texmfs\install\tex\generic\pgf\basiclayer\pgfcorear
rows.code.tex
File: pgfcorearrows.code.tex 2015/05/14  (rcs-revision 1.43)
\pgfarrowsep=\dimen177
)
(C:\Users\221\Desktop\latex\texmfs\install\tex\generic\pgf\basiclayer\pgfcoresh
ade.code.tex
File: pgfcoreshade.code.tex 2013/07/15  (rcs-revision 1.15)
\pgf@max=\dimen178
\pgf@sys@shading@range@num=\count397
)
(C:\Users\221\Desktop\latex\texmfs\install\tex\generic\pgf\basiclayer\pgfcoreim
age.code.tex
File: pgfcoreimage.code.tex 2013/07/15  (rcs-revision 1.18)

(C:\Users\221\Desktop\latex\texmfs\install\tex\generic\pgf\basiclayer\pgfcoreex
ternal.code.tex
File: pgfcoreexternal.code.tex 2014/07/09  (rcs-revision 1.21)
\pgfexternal@startupbox=\box52
))
(C:\Users\221\Desktop\latex\texmfs\install\tex\generic\pgf\basiclayer\pgfcorela
yers.code.tex
File: pgfcorelayers.code.tex 2013/07/18  (rcs-revision 1.7)
)
(C:\Users\221\Desktop\latex\texmfs\install\tex\generic\pgf\basiclayer\pgfcoretr
ansparency.code.tex
File: pgfcoretransparency.code.tex 2013/09/30  (rcs-revision 1.5)
)
(C:\Users\221\Desktop\latex\texmfs\install\tex\generic\pgf\basiclayer\pgfcorepa
tterns.code.tex
File: pgfcorepatterns.code.tex 2013/11/07  (rcs-revision 1.5)
)))
(C:\Users\221\Desktop\latex\texmfs\install\tex\generic\pgf\modules\pgfmodulesha
pes.code.tex
File: pgfmoduleshapes.code.tex 2014/03/21  (rcs-revision 1.35)
\pgfnodeparttextbox=\box53
)
(C:\Users\221\Desktop\latex\texmfs\install\tex\generic\pgf\modules\pgfmoduleplo
t.code.tex
File: pgfmoduleplot.code.tex 2015/08/03  (rcs-revision 1.13)
)
(C:\Users\221\Desktop\latex\texmfs\install\tex\latex\pgf\compatibility\pgfcomp-
version-0-65.sty
Package: pgfcomp-version-0-65 2007/07/03 v3.0.1a (rcs-revision 1.7)
\pgf@nodesepstart=\dimen179
\pgf@nodesepend=\dimen180
)
(C:\Users\221\Desktop\latex\texmfs\install\tex\latex\pgf\compatibility\pgfcomp-
version-1-18.sty
Package: pgfcomp-version-1-18 2007/07/23 v3.0.1a (rcs-revision 1.1)
))
(C:\Users\221\Desktop\latex\texmfs\install\tex\latex\pgf\utilities\pgffor.sty
(C:\Users\221\Desktop\latex\texmfs\install\tex\latex\pgf\utilities\pgfkeys.sty
(C:\Users\221\Desktop\latex\texmfs\install\tex\generic\pgf\utilities\pgfkeys.co
de.tex))
(C:\Users\221\Desktop\latex\texmfs\install\tex\latex\pgf\math\pgfmath.sty
(C:\Users\221\Desktop\latex\texmfs\install\tex\generic\pgf\math\pgfmath.code.te
x))
(C:\Users\221\Desktop\latex\texmfs\install\tex\generic\pgf\utilities\pgffor.cod
e.tex
Package: pgffor 2013/12/13 v3.0.1a (rcs-revision 1.25)

(C:\Users\221\Desktop\latex\texmfs\install\tex\generic\pgf\math\pgfmath.code.te
x)
\pgffor@iter=\dimen181
\pgffor@skip=\dimen182
\pgffor@stack=\toks31
\pgffor@toks=\toks32
))
(C:\Users\221\Desktop\latex\texmfs\install\tex\generic\pgf\frontendlayer\tikz\t
ikz.code.tex
Package: tikz 2015/08/07 v3.0.1a (rcs-revision 1.151)

(C:\Users\221\Desktop\latex\texmfs\install\tex\generic\pgf\libraries\pgflibrary
plothandlers.code.tex
File: pgflibraryplothandlers.code.tex 2013/08/31 v3.0.1a (rcs-revision 1.20)
\pgf@plot@mark@count=\count398
\pgfplotmarksize=\dimen183
)
\tikz@lastx=\dimen184
\tikz@lasty=\dimen185
\tikz@lastxsaved=\dimen186
\tikz@lastysaved=\dimen187
\tikzleveldistance=\dimen188
\tikzsiblingdistance=\dimen189
\tikz@figbox=\box54
\tikz@figbox@bg=\box55
\tikz@tempbox=\box56
\tikz@tempbox@bg=\box57
\tikztreelevel=\count399
\tikznumberofchildren=\count400
\tikznumberofcurrentchild=\count401
\tikz@fig@count=\count402

(C:\Users\221\Desktop\latex\texmfs\install\tex\generic\pgf\modules\pgfmodulemat
rix.code.tex
File: pgfmodulematrix.code.tex 2013/09/17  (rcs-revision 1.8)
\pgfmatrixcurrentrow=\count403
\pgfmatrixcurrentcolumn=\count404
\pgf@matrix@numberofcolumns=\count405
)
\tikz@expandcount=\count406

(C:\Users\221\Desktop\latex\texmfs\install\tex\generic\pgf\frontendlayer\tikz\l
ibraries\tikzlibrarytopaths.code.tex
File: tikzlibrarytopaths.code.tex 2008/06/17 v3.0.1a (rcs-revision 1.2)
)))
(C:\Users\221\Desktop\latex\texmfs\install\tex\latex\pgfplots\pgfplots.sty
(C:\Users\221\Desktop\latex\texmfs\install\tex\generic\pgfplots\pgfplots.revisi
on.tex)
Package: pgfplots 2018/03/28 v1.16 Data Visualization (1.16)

(C:\Users\221\Desktop\latex\texmfs\install\tex\generic\pgfplots\pgfplots.code.t
ex
(C:\Users\221\Desktop\latex\texmfs\install\tex\generic\pgfplots\pgfplotscore.co
de.tex
\t@pgfplots@toka=\toks33
\t@pgfplots@tokb=\toks34
\t@pgfplots@tokc=\toks35
\pgfplots@tmpa=\dimen190
\c@pgfplots@coordindex=\count407
\c@pgfplots@scanlineindex=\count408

(C:\Users\221\Desktop\latex\texmfs\install\tex\generic\pgfplots\sys\pgfplotssys
generic.code.tex))
(C:\Users\221\Desktop\latex\texmfs\install\tex\generic\pgfplots\libs\pgfplotsli
brary.code.tex)
(C:\Users\221\Desktop\latex\texmfs\install\tex\generic\pgfplots\oldpgfcompatib\
pgfplotsoldpgfsupp_loader.code.tex
(C:\Users\221\Desktop\latex\texmfs\install\tex\generic\pgf\libraries\pgflibrary
fpu.code.tex)
Package pgfplots: loading complementary arithmetics for your pgf version...

(C:\Users\221\Desktop\latex\texmfs\install\tex\generic\pgfplots\oldpgfcompatib\
pgfplotsoldpgfsupp_pgflibraryfpu.code.tex)
(C:\Users\221\Desktop\latex\texmfs\install\tex\generic\pgfplots\oldpgfcompatib\
pgfplotsoldpgfsupp_pgfmathfloat.code.tex
\c@pgfmathroundto@lastzeros=\count409
)
(C:\Users\221\Desktop\latex\texmfs\install\tex\generic\pgfplots\oldpgfcompatib\
pgfplotsoldpgfsupp_leq.code.tex))
(C:\Users\221\Desktop\latex\texmfs\install\tex\generic\pgfplots\util\pgfplotsut
il.code.tex
(C:\Users\221\Desktop\latex\texmfs\install\tex\generic\pgfplots\liststructure\p
gfplotsliststructure.code.tex)
(C:\Users\221\Desktop\latex\texmfs\install\tex\generic\pgfplots\liststructure\p
gfplotsliststructureext.code.tex)
(C:\Users\221\Desktop\latex\texmfs\install\tex\generic\pgfplots\liststructure\p
gfplotsarray.code.tex
\c@pgfplotsarray@tmp=\count410
)
(C:\Users\221\Desktop\latex\texmfs\install\tex\generic\pgfplots\liststructure\p
gfplotsmatrix.code.tex)
(C:\Users\221\Desktop\latex\texmfs\install\tex\generic\pgfplots\numtable\pgfplo
tstableshared.code.tex
\c@pgfplotstable@counta=\count411
\t@pgfplotstable@a=\toks36
)
(C:\Users\221\Desktop\latex\texmfs\install\tex\generic\pgfplots\liststructure\p
gfplotsdeque.code.tex)
(C:\Users\221\Desktop\latex\texmfs\install\tex\generic\pgfplots\util\pgfplotsbi
nary.code.tex
(C:\Users\221\Desktop\latex\texmfs\install\tex\generic\pgfplots\util\pgfplotsbi
nary.data.code.tex))
(C:\Users\221\Desktop\latex\texmfs\install\tex\generic\pgfplots\util\pgfplotsut
il.verb.code.tex)
(C:\Users\221\Desktop\latex\texmfs\install\tex\generic\pgfplots\libs\pgflibrary
pgfplots.surfshading.code.tex
\c@pgfplotslibrarysurf@no=\count412

(C:\Users\221\Desktop\latex\texmfs\install\tex\generic\pgfplots\sys\pgflibraryp
gfplots.surfshading.pgfsys-pdftex.def)))
(C:\Users\221\Desktop\latex\texmfs\install\tex\generic\pgfplots\util\pgfplotsco
lormap.code.tex
(C:\Users\221\Desktop\latex\texmfs\install\tex\generic\pgfplots\util\pgfplotsco
lor.code.tex))
(C:\Users\221\Desktop\latex\texmfs\install\tex\generic\pgfplots\pgfplotsstacked
plots.code.tex)
(C:\Users\221\Desktop\latex\texmfs\install\tex\generic\pgfplots\pgfplotsplothan
dlers.code.tex
(C:\Users\221\Desktop\latex\texmfs\install\tex\generic\pgfplots\pgfplotsmeshplo
thandler.code.tex
(C:\Users\221\Desktop\latex\texmfs\install\tex\generic\pgfplots\pgfplotsmeshplo
timage.code.tex)))
(C:\Users\221\Desktop\latex\texmfs\install\tex\generic\pgfplots\pgfplots.scalin
g.code.tex)
(C:\Users\221\Desktop\latex\texmfs\install\tex\generic\pgfplots\pgfplotscoordpr
ocessing.code.tex)
(C:\Users\221\Desktop\latex\texmfs\install\tex\generic\pgfplots\pgfplots.errorb
ars.code.tex)
(C:\Users\221\Desktop\latex\texmfs\install\tex\generic\pgfplots\pgfplots.marker
s.code.tex)
(C:\Users\221\Desktop\latex\texmfs\install\tex\generic\pgfplots\pgfplotsticks.c
ode.tex)
(C:\Users\221\Desktop\latex\texmfs\install\tex\generic\pgfplots\pgfplots.paths.
code.tex)
(C:\Users\221\Desktop\latex\texmfs\install\tex\generic\pgf\frontendlayer\tikz\l
ibraries\tikzlibrarydecorations.code.tex
(C:\Users\221\Desktop\latex\texmfs\install\tex\generic\pgf\modules\pgfmoduledec
orations.code.tex
\pgfdecoratedcompleteddistance=\dimen191
\pgfdecoratedremainingdistance=\dimen192
\pgfdecoratedinputsegmentcompleteddistance=\dimen193
\pgfdecoratedinputsegmentremainingdistance=\dimen194
\pgf@decorate@distancetomove=\dimen195
\pgf@decorate@repeatstate=\count413
\pgfdecorationsegmentamplitude=\dimen196
\pgfdecorationsegmentlength=\dimen197
)
\tikz@lib@dec@box=\box58
)
(C:\Users\221\Desktop\latex\texmfs\install\tex\generic\pgf\frontendlayer\tikz\l
ibraries\tikzlibrarydecorations.pathmorphing.code.tex
(C:\Users\221\Desktop\latex\texmfs\install\tex\generic\pgf\libraries\decoration
s\pgflibrarydecorations.pathmorphing.code.tex))
(C:\Users\221\Desktop\latex\texmfs\install\tex\generic\pgf\frontendlayer\tikz\l
ibraries\tikzlibrarydecorations.pathreplacing.code.tex
(C:\Users\221\Desktop\latex\texmfs\install\tex\generic\pgf\libraries\decoration
s\pgflibrarydecorations.pathreplacing.code.tex))
\pgfplots@numplots=\count414
\pgfplots@xmin@reg=\dimen198
\pgfplots@xmax@reg=\dimen199
\pgfplots@ymin@reg=\dimen256
\pgfplots@ymax@reg=\dimen257
\pgfplots@zmin@reg=\dimen258
\pgfplots@zmax@reg=\dimen259
)
(C:\Users\221\Desktop\latex\texmfs\install\tex\generic\pgf\frontendlayer\tikz\l
ibraries\tikzlibraryplotmarks.code.tex
File: tikzlibraryplotmarks.code.tex 2008/01/09 v3.0.1a (rcs-revision 1.1)

(C:\Users\221\Desktop\latex\texmfs\install\tex\generic\pgf\libraries\pgflibrary
plotmarks.code.tex
File: pgflibraryplotmarks.code.tex 2015/08/03 v3.0.1a (rcs-revision 1.14)
)))
(C:\Users\221\Desktop\latex\texmfs\install\tex\latex\pgfplots\pgfplotstable.sty

(C:\Users\221\Desktop\latex\texmfs\install\tex\generic\pgfplots\pgfplots.revisi
on.tex)
Package: pgfplotstable 2018/03/28 v1.16 Table typesetting and Pretty-printing (
1.16)

(C:\Users\221\Desktop\latex\texmfs\install\tex\generic\pgfplots\numtable\pgfplo
tstable.code.tex
(C:\Users\221\Desktop\latex\texmfs\install\tex\generic\pgfplots\numtable\pgfplo
tstable.coltype.code.tex)))
(C:\Users\221\Desktop\latex\texmfs\install\tex\latex\booktabs\booktabs.sty
Package: booktabs 2005/04/14 v1.61803 publication quality tables
\heavyrulewidth=\dimen260
\lightrulewidth=\dimen261
\cmidrulewidth=\dimen262
\belowrulesep=\dimen263
\belowbottomsep=\dimen264
\aboverulesep=\dimen265
\abovetopsep=\dimen266
\cmidrulesep=\dimen267
\cmidrulekern=\dimen268
\defaultaddspace=\dimen269
\@cmidla=\count415
\@cmidlb=\count416
\@aboverulesep=\dimen270
\@belowrulesep=\dimen271
\@thisruleclass=\count417
\@lastruleclass=\count418
\@thisrulewidth=\dimen272
)
(C:\Users\221\Desktop\latex\texmfs\install\tex\latex\microtype\microtype.sty
Package: microtype 2018/01/14 v2.7a Micro-typographical refinements (RS)
\MT@toks=\toks37
\MT@count=\count419
LaTeX Info: Redefining \textls on input line 793.
\MT@outer@kern=\dimen273
LaTeX Info: Redefining \textmicrotypecontext on input line 1339.
\MT@listname@count=\count420

(C:\Users\221\Desktop\latex\texmfs\install\tex\latex\microtype\microtype-pdftex
.def
File: microtype-pdftex.def 2018/01/14 v2.7a Definitions specific to pdftex (RS)

LaTeX Info: Redefining \lsstyle on input line 913.
LaTeX Info: Redefining \lslig on input line 913.
\MT@outer@space=\skip89
)
Package microtype Info: Loading configuration file microtype.cfg.

(C:\Users\221\Desktop\latex\texmfs\install\tex\latex\microtype\microtype.cfg
File: microtype.cfg 2018/01/14 v2.7a microtype main configuration file (RS)
))
(C:\Users\221\Desktop\latex\texmfs\install\tex\latex\caption\caption.sty
Package: caption 2018/05/01 v3.3-147 Customizing captions (AR)

(C:\Users\221\Desktop\latex\texmfs\install\tex\latex\caption\caption3.sty
Package: caption3 2018/05/27 v1.8a caption3 kernel (AR)
Package caption3 Info: TeX engine: e-TeX on input line 64.
\captionmargin=\dimen274
\captionmargin@=\dimen275
\captionwidth=\dimen276
\caption@tempdima=\dimen277
\caption@indent=\dimen278
\caption@parindent=\dimen279
\caption@hangindent=\dimen280
)
Package caption Info: KOMA-Script document class.
\c@ContinuedFloat=\count421
Package caption Info: listings package is loaded.
)
Package scrhack Info: hyperref hack deactivated because of
(scrhack)             detection of KOMA-Script class, that doesn't
(scrhack)             need that hack, on input line 28.

(C:\Users\221\Desktop\latex\texmfs\install\tex\latex\hyperref\hyperref.sty
Package: hyperref 2018/02/06 v6.86b Hypertext links for LaTeX

(C:\Users\221\Desktop\latex\texmfs\install\tex\generic\oberdiek\hobsub-hyperref
.sty
Package: hobsub-hyperref 2016/05/16 v1.14 Bundle oberdiek, subset hyperref (HO)


(C:\Users\221\Desktop\latex\texmfs\install\tex\generic\oberdiek\hobsub-generic.
sty
Package: hobsub-generic 2016/05/16 v1.14 Bundle oberdiek, subset generic (HO)
Package: hobsub 2016/05/16 v1.14 Construct package bundles (HO)
Package hobsub Info: Skipping package `infwarerr' (already loaded).
Package hobsub Info: Skipping package `ltxcmds' (already loaded).
Package hobsub Info: Skipping package `ifluatex' (already loaded).
Package: ifvtex 2016/05/16 v1.6 Detect VTeX and its facilities (HO)
Package ifvtex Info: VTeX not detected.
Package: intcalc 2016/05/16 v1.2 Expandable calculations with integers (HO)
Package hobsub Info: Skipping package `ifpdf' (already loaded).
Package hobsub Info: Skipping package `etexcmds' (already loaded).
Package hobsub Info: Skipping package `kvsetkeys' (already loaded).
Package: kvdefinekeys 2016/05/16 v1.4 Define keys (HO)
Package hobsub Info: Skipping package `pdftexcmds' (already loaded).
Package: pdfescape 2016/05/16 v1.14 Implements pdfTeX's escape features (HO)
Package: bigintcalc 2016/05/16 v1.4 Expandable calculations on big integers (HO
)
Package: bitset 2016/05/16 v1.2 Handle bit-vector datatype (HO)
Package: uniquecounter 2016/05/16 v1.3 Provide unlimited unique counter (HO)
)
Package hobsub Info: Skipping package `hobsub' (already loaded).
Package: letltxmacro 2016/05/16 v1.5 Let assignment for LaTeX macros (HO)
Package: hopatch 2016/05/16 v1.3 Wrapper for package hooks (HO)
Package: xcolor-patch 2016/05/16 xcolor patch
Package: atveryend 2016/05/16 v1.9 Hooks at the very end of document (HO)
Package: atbegshi 2016/06/09 v1.18 At begin shipout hook (HO)
Package: refcount 2016/05/16 v3.5 Data extraction from label references (HO)
Package: hycolor 2016/05/16 v1.8 Color options for hyperref/bookmark (HO)
)
(C:\Users\221\Desktop\latex\texmfs\install\tex\generic\ifxetex\ifxetex.sty
Package: ifxetex 2010/09/12 v0.6 Provides ifxetex conditional
)
(C:\Users\221\Desktop\latex\texmfs\install\tex\latex\oberdiek\auxhook.sty
Package: auxhook 2016/05/16 v1.4 Hooks for auxiliary files (HO)
)
\@linkdim=\dimen281
\Hy@linkcounter=\count422
\Hy@pagecounter=\count423

(C:\Users\221\Desktop\latex\texmfs\install\tex\latex\hyperref\pd1enc.def
File: pd1enc.def 2018/02/06 v6.86b Hyperref: PDFDocEncoding definition (HO)
Now handling font encoding PD1 ...
... no UTF-8 mapping file for font encoding PD1
)
\Hy@SavedSpaceFactor=\count424

(C:\Users\221\Desktop\latex\texmfs\install\tex\latex\00miktex\hyperref.cfg
File: hyperref.cfg 2002/06/06 v1.2 hyperref configuration of TeXLive
)
Package hyperref Info: Hyper figures OFF on input line 4509.
Package hyperref Info: Link nesting OFF on input line 4514.
Package hyperref Info: Hyper index ON on input line 4517.
Package hyperref Info: Plain pages OFF on input line 4524.
Package hyperref Info: Backreferencing OFF on input line 4529.
Package hyperref Info: Implicit mode ON; LaTeX internals redefined.
Package hyperref Info: Bookmarks ON on input line 4762.
\c@Hy@tempcnt=\count425
LaTeX Info: Redefining \url on input line 5115.
\XeTeXLinkMargin=\dimen282
\Fld@menulength=\count426
\Field@Width=\dimen283
\Fld@charsize=\dimen284
Package hyperref Info: Hyper figures OFF on input line 6369.
Package hyperref Info: Link nesting OFF on input line 6374.
Package hyperref Info: Hyper index ON on input line 6377.
Package hyperref Info: backreferencing OFF on input line 6384.
Package hyperref Info: Link coloring OFF on input line 6389.
Package hyperref Info: Link coloring with OCG OFF on input line 6394.
Package hyperref Info: PDF/A mode OFF on input line 6399.
LaTeX Info: Redefining \ref on input line 6439.
LaTeX Info: Redefining \pageref on input line 6443.
\Hy@abspage=\count427
\c@Item=\count428
\c@Hfootnote=\count429
)
Package hyperref Info: Driver (autodetected): hpdftex.

(C:\Users\221\Desktop\latex\texmfs\install\tex\latex\hyperref\hpdftex.def
File: hpdftex.def 2018/02/06 v6.86b Hyperref driver for pdfTeX
\Fld@listcount=\count430
\c@bookmark@seq@number=\count431

(C:\Users\221\Desktop\latex\texmfs\install\tex\latex\oberdiek\rerunfilecheck.st
y
Package: rerunfilecheck 2016/05/16 v1.8 Rerun checks for auxiliary files (HO)
Package uniquecounter Info: New unique counter `rerunfilecheck' on input line 2
82.
)
\Hy@SectionHShift=\skip90
)
Package tocbasic Info: defining new hook before heading of `toc' on input line 
38.
)
Package csquotes Info: Checking for multilingual support...
Package csquotes Info: ... found 'babel' package.
Package biblatex Info: Trying to load language 'english'...
Package biblatex Info: ... file 'english.lbx' found.

(C:\Users\221\Desktop\latex\texmfs\install\tex\latex\biblatex\lbx\english.lbx
File: english.lbx 2018/03/04 v3.11 biblatex localization (PK/MW)
)
Package biblatex Info: Trying to load language 'ngerman'...
Package biblatex Info: ... file 'ngerman.lbx' found.

(C:\Users\221\Desktop\latex\texmfs\install\tex\latex\biblatex\lbx\ngerman.lbx
File: ngerman.lbx 2018/03/04 v3.11 biblatex localization (PK/MW)
Package biblatex Info: Trying to load language 'german'...
Package biblatex Info: ... file 'german.lbx' found.

(C:\Users\221\Desktop\latex\texmfs\install\tex\latex\biblatex\lbx\german.lbx
File: german.lbx 2018/03/04 v3.11 biblatex localization (PK/MW)
)
Package biblatex Info: Trying to load language 'german'...
Package biblatex Info: ... file 'german.lbx' found.

(C:\Users\221\Desktop\latex\texmfs\install\tex\latex\biblatex\lbx\german.lbx
File: german.lbx 2018/03/04 v3.11 biblatex localization (PK/MW)
))
(main.aux)
\openout1 = `main.aux'.

LaTeX Font Info:    Checking defaults for OML/cmm/m/it on input line 22.
LaTeX Font Info:    ... okay on input line 22.
LaTeX Font Info:    Checking defaults for T1/cmr/m/n on input line 22.
LaTeX Font Info:    ... okay on input line 22.
LaTeX Font Info:    Checking defaults for OT1/cmr/m/n on input line 22.
LaTeX Font Info:    ... okay on input line 22.
LaTeX Font Info:    Checking defaults for OMS/cmsy/m/n on input line 22.
LaTeX Font Info:    ... okay on input line 22.
LaTeX Font Info:    Checking defaults for OMX/cmex/m/n on input line 22.
LaTeX Font Info:    ... okay on input line 22.
LaTeX Font Info:    Checking defaults for U/cmr/m/n on input line 22.
LaTeX Font Info:    ... okay on input line 22.
LaTeX Font Info:    Checking defaults for PD1/pdf/m/n on input line 22.
LaTeX Font Info:    ... okay on input line 22.
LaTeX Font Info:    Try loading font information for T1+pplx on input line 22.

(C:\Users\221\Desktop\latex\texmfs\install\tex\latex\psnfss\t1pplx.fd
File: t1pplx.fd 2004/09/06 font definitions for T1/pplx.
)
Package nag Info: pgf.sty is broken: disabling dollar check on input line 22.
Package nag Info: Command \RaggedLeft not defined, skipping amendment on input 
line 22.
Package nag Info: Command \RaggedRight not defined, skipping amendment on input
 line 22.
\big@size=\dimen285
Package biblatex Info: Input encoding 'utf8' detected.
Package biblatex Info: Automatic encoding selection.
(biblatex)             Assuming data encoding 'utf8'.
\openout4 = `main.bcf'.

Package biblatex Info: Trying to load bibliographic data...
Package biblatex Info: ... file 'main.bbl' not found.

No file main.bbl.
Package biblatex Info: Reference section=0 on input line 22.
Package biblatex Info: Reference segment=0 on input line 22.
(C:\Users\221\Desktop\latex\texmfs\install\tex\context\base\supp-pdf.mkii
[Loading MPS to PDF converter (version 2006.09.02).]
\scratchcounter=\count432
\scratchdimen=\dimen286
\scratchbox=\box59
\nofMPsegments=\count433
\nofMParguments=\count434
\everyMPshowfont=\toks38
\MPscratchCnt=\count435
\MPscratchDim=\dimen287
\MPnumerator=\count436
\makeMPintoPDFobject=\count437
\everyMPtoPDFconversion=\toks39
)
(C:\Users\221\Desktop\latex\texmfs\install\tex\latex\oberdiek\epstopdf-base.sty
Package: epstopdf-base 2016/05/15 v2.6 Base part for package epstopdf
(C:\Users\221\Desktop\latex\texmfs\install\tex\latex\oberdiek\grfext.sty
Package: grfext 2016/05/16 v1.2 Manage graphics extensions (HO)
)
Package epstopdf-base Info: Redefining graphics rule for `.eps' on input line 4
38.
Package grfext Info: Graphics extension search list:
(grfext)             [.pdf,.png,.jpg,.mps,.jpeg,.jbig2,.jb2,.PDF,.PNG,.JPG,.JPE
G,.JBIG2,.JB2,.eps]
(grfext)             \AppendGraphicsExtensions on input line 456.
)
\c@lstlisting=\count438
Package scrhack Info: undefining \float@addtolists on input line 22.

ABD: EveryShipout initializing macros
Package pgfplots notification 'compat/show suggested version=true': document ha
s been generated with the most recent feature set (\pgfplotsset{compat=1.16}).

LaTeX Info: Redefining \microtypecontext on input line 22.
Package microtype Info: Generating PDF output.
Package microtype Info: Character protrusion enabled (level 2).
Package microtype Info: Using default protrusion set `alltext'.
Package microtype Info: Automatic font expansion enabled (level 2),
(microtype)             stretch: 20, shrink: 20, step: 1, non-selected.
Package microtype Info: Using default expansion set `basictext'.
Package microtype Info: No adjustment of tracking.
Package microtype Info: No adjustment of interword spacing.
Package microtype Info: No adjustment of character kerning.
(C:\Users\221\Desktop\latex\texmfs\install\tex\latex\microtype\mt-ppl.cfg
File: mt-ppl.cfg 2005/11/16 v1.6 microtype config. file: Palatino (RS)
)
Package caption Info: Begin \AtBeginDocument code.
Package caption Info: hyperref package is loaded.
Package caption Info: End \AtBeginDocument code.
\AtBeginShipoutBox=\box60
Package hyperref Info: Link coloring OFF on input line 22.

(C:\Users\221\Desktop\latex\texmfs\install\tex\latex\hyperref\nameref.sty
Package: nameref 2016/05/21 v2.44 Cross-referencing by name of section

(C:\Users\221\Desktop\latex\texmfs\install\tex\generic\oberdiek\gettitlestring.
sty
Package: gettitlestring 2016/05/16 v1.5 Cleanup title references (HO)
)
\c@section@level=\count439
)
LaTeX Info: Redefining \ref on input line 22.
LaTeX Info: Redefining \pageref on input line 22.
LaTeX Info: Redefining \nameref on input line 22.
 (main.out) (main.out)
\@outlinefile=\write6
\openout6 = `main.out'.

Package nag Info: Command \hc@caption not defined, skipping amendment on input 
line 22.
Package nag Info: Command \topcaption not defined, skipping amendment on input 
line 22.
 (pages/cover.tex
<logos/tum.pdf, id=34, 54.02504pt x 28.452pt>
File: logos/tum.pdf Graphic file (type pdf)
<use logos/tum.pdf>
Package pdftex.def Info: logos/tum.pdf  used on input line 16.
(pdftex.def)             Requested size: 108.06296pt x 56.9055pt.
LaTeX Font Info:    Font shape `T1/pplx/bx/n' in size <20.74> not available
(Font)              Font shape `T1/pplx/b/n' tried instead on input line 31.
LaTeX Font Info:    Font shape `T1/pplx/bx/n' in size <17.28> not available
(Font)              Font shape `T1/pplx/b/n' tried instead on input line 35.
<logos/faculty.png, id=35, 339.51843pt x 339.51843pt>
File: logos/faculty.png Graphic file (type png)
<use logos/faculty.png>
Package pdftex.def Info: logos/faculty.png  used on input line 40.
(pdftex.def)             Requested size: 56.904pt x 56.9055pt.
 [1



{C:/Users/221/Desktop/latex/texmfs/data/pdftex/config/pdftex.map} <./logos/tum.
pdf> <./logos/faculty.png>])
(pages/title.tex
File: logos/tum.pdf Graphic file (type pdf)
<use logos/tum.pdf>
Package pdftex.def Info: logos/tum.pdf  used on input line 8.
(pdftex.def)             Requested size: 108.06296pt x 56.9055pt.
LaTeX Font Info:    Try loading font information for OT1+pplx on input line 37.


(C:\Users\221\Desktop\latex\texmfs\install\tex\latex\psnfss\ot1pplx.fd
File: ot1pplx.fd 2004/09/06 font definitions for OT1/pplx.
)
LaTeX Font Info:    Try loading font information for OML+zplm on input line 37.


(C:\Users\221\Desktop\latex\texmfs\install\tex\latex\psnfss\omlzplm.fd
File: omlzplm.fd 2002/09/08 Fontinst v1.914 font definitions for OML/zplm.
)
LaTeX Font Info:    Try loading font information for OMS+zplm on input line 37.


(C:\Users\221\Desktop\latex\texmfs\install\tex\latex\psnfss\omszplm.fd
File: omszplm.fd 2002/09/08 Fontinst v1.914 font definitions for OMS/zplm.
)
LaTeX Font Info:    Try loading font information for OMX+zplm on input line 37.


(C:\Users\221\Desktop\latex\texmfs\install\tex\latex\psnfss\omxzplm.fd
File: omxzplm.fd 2002/09/08 Fontinst v1.914 font definitions for OMX/zplm.
)
LaTeX Font Info:    Try loading font information for OT1+zplm on input line 37.


(C:\Users\221\Desktop\latex\texmfs\install\tex\latex\psnfss\ot1zplm.fd
File: ot1zplm.fd 2002/09/08 Fontinst v1.914 font definitions for OT1/zplm.
)
Package microtype Info: Loading generic protrusion settings for font family
(microtype)             `zplm' (encoding: OT1).
(microtype)             For optimal results, create family-specific settings.
(microtype)             See the microtype manual for details.
File: logos/faculty.png Graphic file (type png)
<use logos/faculty.png>
Package pdftex.def Info: logos/faculty.png  used on input line 47.
(pdftex.def)             Requested size: 56.904pt x 56.9055pt.

[1



]) (pages/disclaimer.tex [2]) (pages/acknowledgements.tex [3


])
(pages/abstract.tex
chapter without number
LaTeX Font Info:    Font shape `T1/pplx/bx/n' in size <10.95> not available
(Font)              Font shape `T1/pplx/b/n' tried instead on input line 1.
) [4




]
Package tocbasic Info: character protrusion at toc deactivated on input line 40
.
 (main.toc)
\tf@toc=\write7
\openout7 = `main.toc'.

 [5




] (chapters/roadmap.tex
chapter 1.
LaTeX Font Info:    Try loading font information for OMS+pplx on input line 4.
LaTeX Font Info:    No file OMSpplx.fd. on input line 4.

LaTeX Font Warning: Font shape `OMS/pplx/m/n' undefined
(Font)              using `OMS/cmsy/m/n' instead
(Font)              for symbol `textbullet' on input line 4.

) (chapters/01_introduction.tex [1



]
chapter 2.
<figures/grs-application-coupling.png, id=99, 713.064pt x 628.14674pt>
File: figures/grs-application-coupling.png Graphic file (type png)
<use figures/grs-application-coupling.png>
Package pdftex.def Info: figures/grs-application-coupling.png  used on input li
ne 28.
(pdftex.def)             Requested size: 334.60571pt x 294.76895pt.
) [2


]
LaTeX Font Info:    Font shape `T1/pplx/m/sl' in size <10.95> not available
(Font)              Font shape `T1/pplx/m/it' tried instead on input line 51.
 [3 <./figures/grs-application-coupling.png>]
Package tocbasic Info: character protrusion at lof deactivated on input line 51
.
 (main.lof)
\tf@lof=\write8
\openout8 = `main.lof'.

 [4


]
Package tocbasic Info: character protrusion at lot deactivated on input line 52
.
 (main.lot)
\tf@lot=\write9
\openout9 = `main.lot'.



LaTeX Warning: Empty bibliography on input line 54.

No complaints by nag.
[5


]
Package atveryend Info: Empty hook `BeforeClearDocument' on input line 56.
Package atveryend Info: Empty hook `AfterLastShipout' on input line 56.
 (main.aux)
Package atveryend Info: Executing hook `AtVeryEndDocument' on input line 56.
Package atveryend Info: Executing hook `AtEndAfterFileList' on input line 56.
Package rerunfilecheck Info: File `main.out' has not changed.
(rerunfilecheck)             Checksum: D9786EF9978A696CF40D302EAD1C29F6;331.


LaTeX Font Warning: Some font shapes were not available, defaults substituted.

Package logreq Info: Writing requests to 'main.run.xml'.
\openout1 = `main.run.xml'.

 ) 
Here is how much of TeX's memory you used:
 49118 strings out of 494872
 1088662 string characters out of 3177825
 1759420 words of memory out of 3000000
 51977 multiletter control sequences out of 15000+200000
 561800 words of font info for 102 fonts, out of 3000000 for 9000
 16 hyphenation exceptions out of 8191
 81i,8n,136p,9085b,2180s stack positions out of 5000i,500n,10000p,200000b,50000s
{C:/Users/221/Desktop/latex/texmfs/install/fonts/enc/dvips/base/8r.enc}<C:/Us
ers/221/Desktop/latex/texmfs/install/fonts/type1/public/amsfonts/cm/cmsy10.pfb>
<C:/Users/221/Desktop/latex/texmfs/install/fonts/type1/urw/palatino/uplb8a.pfb>
<C:/Users/221/Desktop/latex/texmfs/install/fonts/type1/urw/palatino/uplr8a.pfb>
<C:/Users/221/Desktop/latex/texmfs/install/fonts/type1/urw/palatino/uplri8a.pfb
>
Output written on main.pdf (11 pages, 663685 bytes).
PDF statistics:
 141 PDF objects out of 1000 (max. 8388607)
 20 named destinations out of 1000 (max. 500000)
 25684 words of extra memory for PDF output out of 29859 (max. 10000000)

